TN:
SF:nodes/Twenty/GenericFunctions.ts
FN:10,twentyApiRequest
FNF:1
FNH:0
FNDA:0,twentyApiRequest
DA:1,1
DA:10,1
DA:18,0
DA:20,0
DA:21,0
DA:24,0
DA:32,0
DA:33,0
DA:36,0
DA:37,0
DA:40,0
DA:41,0
DA:43,0
LF:13
LH:2
BRDA:14,0,0,0
BRDA:15,1,0,0
BRDA:16,2,0,0
BRDA:20,3,0,0
BRDA:32,4,0,0
BRDA:36,5,0,0
BRF:6
BRH:0
end_of_record
TN:
SF:nodes/Twenty/Twenty.node.ts
FN:88,(anonymous_0)
FN:324,(anonymous_1)
FNF:2
FNH:2
FNDA:2,(anonymous_0)
FNDA:2,(anonymous_1)
DA:9,1
DA:11,1
DA:88,1
DA:89,2
DA:325,2
DA:326,2
DA:328,2
DA:329,2
DA:333,2
DA:334,2
DA:336,2
DA:342,0
DA:348,0
DA:352,2
DA:358,0
DA:364,0
DA:365,0
DA:367,0
DA:368,0
DA:371,0
DA:372,0
DA:374,0
DA:375,0
DA:378,0
DA:380,0
DA:386,0
DA:390,0
DA:392,0
DA:393,0
DA:396,0
DA:397,0
DA:399,0
DA:400,0
DA:403,0
DA:405,0
DA:411,0
DA:413,0
DA:415,0
DA:421,0
DA:422,0
DA:424,0
DA:425,0
DA:428,0
DA:429,0
DA:431,0
DA:432,0
DA:435,0
DA:437,0
DA:443,0
DA:444,0
DA:446,0
DA:447,0
DA:450,0
DA:452,0
DA:458,0
DA:460,0
DA:461,0
DA:463,0
DA:464,0
DA:467,0
DA:469,0
DA:475,0
DA:476,0
DA:478,0
DA:479,0
DA:482,0
DA:484,0
DA:485,0
DA:487,0
DA:488,0
DA:491,0
DA:495,2
DA:501,0
DA:507,0
DA:508,0
DA:510,0
DA:511,0
DA:514,0
DA:515,0
DA:517,0
DA:518,0
DA:521,0
DA:523,0
DA:529,0
DA:533,0
DA:535,0
DA:536,0
DA:539,0
DA:540,0
DA:542,0
DA:543,0
DA:546,0
DA:548,0
DA:554,0
DA:556,0
DA:558,0
DA:564,0
DA:565,0
DA:567,0
DA:568,0
DA:571,0
DA:572,0
DA:574,0
DA:575,0
DA:578,0
DA:579,0
DA:581,0
DA:587,0
DA:588,0
DA:590,0
DA:591,0
DA:594,0
DA:596,0
DA:602,0
DA:604,0
DA:605,0
DA:607,0
DA:608,0
DA:611,0
DA:613,0
DA:619,0
DA:620,0
DA:622,0
DA:623,0
DA:626,0
DA:628,0
DA:629,0
DA:631,0
DA:632,0
DA:635,0
DA:639,2
DA:645,0
DA:651,0
DA:652,0
DA:654,0
DA:655,0
DA:658,0
DA:659,0
DA:661,0
DA:662,0
DA:665,0
DA:667,0
DA:673,0
DA:674,0
DA:676,0
DA:677,0
DA:680,0
DA:681,0
DA:683,0
DA:684,0
DA:687,0
DA:689,0
DA:695,0
DA:697,0
DA:699,0
DA:705,0
DA:706,0
DA:708,0
DA:709,0
DA:712,0
DA:713,0
DA:715,0
DA:716,0
DA:719,0
DA:720,0
DA:722,0
DA:728,0
DA:729,0
DA:731,0
DA:732,0
DA:735,0
DA:737,0
DA:743,0
DA:745,0
DA:746,0
DA:748,0
DA:749,0
DA:752,0
DA:754,0
DA:760,0
DA:761,0
DA:763,0
DA:764,0
DA:767,0
DA:769,0
DA:770,0
DA:772,0
DA:773,0
DA:776,0
DA:780,2
DA:786,0
DA:792,0
DA:793,0
DA:795,0
DA:796,0
DA:799,0
DA:800,0
DA:802,0
DA:803,0
DA:806,0
DA:808,0
DA:814,0
DA:818,0
DA:820,0
DA:821,0
DA:824,0
DA:825,0
DA:827,0
DA:828,0
DA:831,0
DA:833,0
DA:839,0
DA:841,0
DA:843,0
DA:849,0
DA:850,0
DA:852,0
DA:853,0
DA:856,0
DA:857,0
DA:859,0
DA:860,0
DA:863,0
DA:864,0
DA:866,0
DA:872,0
DA:873,0
DA:875,0
DA:876,0
DA:879,0
DA:881,0
DA:887,0
DA:889,0
DA:890,0
DA:892,0
DA:893,0
DA:896,0
DA:898,0
DA:904,0
DA:905,0
DA:907,0
DA:908,0
DA:911,0
DA:913,0
DA:914,0
DA:916,0
DA:917,0
DA:920,0
DA:924,2
DA:930,0
DA:936,0
DA:937,0
DA:939,0
DA:940,0
DA:943,0
DA:944,0
DA:946,0
DA:947,0
DA:950,0
DA:951,0
DA:953,0
DA:959,0
DA:963,0
DA:965,0
DA:966,0
DA:969,0
DA:970,0
DA:972,0
DA:973,0
DA:976,0
DA:978,0
DA:984,0
DA:986,0
DA:987,0
DA:989,0
DA:995,0
DA:996,0
DA:998,0
DA:999,0
DA:1002,0
DA:1003,0
DA:1005,0
DA:1006,0
DA:1009,0
DA:1010,0
DA:1012,0
DA:1018,0
DA:1019,0
DA:1021,0
DA:1022,0
DA:1025,0
DA:1027,0
DA:1033,0
DA:1035,0
DA:1036,0
DA:1038,0
DA:1039,0
DA:1042,0
DA:1043,0
DA:1045,0
DA:1051,0
DA:1052,0
DA:1054,0
DA:1055,0
DA:1058,0
DA:1060,0
DA:1061,0
DA:1063,0
DA:1064,0
DA:1067,0
DA:1068,0
DA:1072,2
DA:1078,0
DA:1084,0
DA:1085,0
DA:1087,0
DA:1088,0
DA:1091,0
DA:1092,0
DA:1094,0
DA:1095,0
DA:1098,0
DA:1099,0
DA:1101,0
DA:1107,0
DA:1112,0
DA:1114,0
DA:1115,0
DA:1118,0
DA:1119,0
DA:1121,0
DA:1122,0
DA:1125,0
DA:1126,0
DA:1128,0
DA:1134,0
DA:1136,0
DA:1137,0
DA:1139,0
DA:1145,0
DA:1146,0
DA:1148,0
DA:1149,0
DA:1152,0
DA:1153,0
DA:1155,0
DA:1156,0
DA:1159,0
DA:1160,0
DA:1162,0
DA:1168,0
DA:1169,0
DA:1171,0
DA:1172,0
DA:1175,0
DA:1176,0
DA:1178,0
DA:1184,0
DA:1186,0
DA:1187,0
DA:1189,0
DA:1190,0
DA:1193,0
DA:1194,0
DA:1196,0
DA:1202,0
DA:1203,0
DA:1205,0
DA:1206,0
DA:1209,0
DA:1211,0
DA:1212,0
DA:1214,0
DA:1215,0
DA:1218,0
DA:1219,0
DA:1223,2
DA:1229,0
DA:1235,0
DA:1236,0
DA:1238,0
DA:1239,0
DA:1242,0
DA:1243,0
DA:1245,0
DA:1246,0
DA:1249,0
DA:1250,0
DA:1252,0
DA:1258,0
DA:1259,0
DA:1261,0
DA:1262,0
DA:1265,0
DA:1266,0
DA:1268,0
DA:1269,0
DA:1272,0
DA:1274,0
DA:1280,0
DA:1282,0
DA:1284,0
DA:1290,0
DA:1291,0
DA:1293,0
DA:1294,0
DA:1297,0
DA:1298,0
DA:1300,0
DA:1301,0
DA:1304,0
DA:1305,0
DA:1307,0
DA:1313,0
DA:1314,0
DA:1316,0
DA:1317,0
DA:1320,0
DA:1322,0
DA:1328,0
DA:1330,0
DA:1331,0
DA:1333,0
DA:1334,0
DA:1337,0
DA:1339,0
DA:1345,0
DA:1346,0
DA:1348,0
DA:1349,0
DA:1352,0
DA:1354,0
DA:1355,0
DA:1357,0
DA:1358,0
DA:1361,0
DA:1365,2
DA:1371,0
DA:1377,0
DA:1378,0
DA:1380,0
DA:1381,0
DA:1384,0
DA:1385,0
DA:1387,0
DA:1388,0
DA:1391,0
DA:1392,0
DA:1394,0
DA:1400,0
DA:1404,0
DA:1406,0
DA:1407,0
DA:1410,0
DA:1411,0
DA:1413,0
DA:1414,0
DA:1417,0
DA:1418,0
DA:1420,0
DA:1426,0
DA:1428,0
DA:1429,0
DA:1431,0
DA:1437,0
DA:1438,0
DA:1440,0
DA:1441,0
DA:1444,0
DA:1445,0
DA:1447,0
DA:1448,0
DA:1451,0
DA:1452,0
DA:1454,0
DA:1460,0
DA:1461,0
DA:1463,0
DA:1464,0
DA:1467,0
DA:1468,0
DA:1470,0
DA:1476,0
DA:1478,0
DA:1479,0
DA:1481,0
DA:1482,0
DA:1485,0
DA:1486,0
DA:1488,0
DA:1494,0
DA:1495,0
DA:1497,0
DA:1498,0
DA:1501,0
DA:1503,0
DA:1504,0
DA:1506,0
DA:1507,0
DA:1510,0
DA:1511,0
DA:1515,2
DA:1521,0
DA:1527,0
DA:1528,0
DA:1530,0
DA:1531,0
DA:1534,0
DA:1535,0
DA:1537,0
DA:1538,0
DA:1541,0
DA:1543,0
DA:1549,0
DA:1550,0
DA:1552,0
DA:1553,0
DA:1556,0
DA:1557,0
DA:1559,0
DA:1560,0
DA:1563,0
DA:1565,0
DA:1571,0
DA:1573,0
DA:1575,0
DA:1581,0
DA:1582,0
DA:1584,0
DA:1585,0
DA:1588,0
DA:1589,0
DA:1591,0
DA:1592,0
DA:1595,0
DA:1596,0
DA:1598,0
DA:1604,0
DA:1605,0
DA:1607,0
DA:1608,0
DA:1611,0
DA:1613,0
DA:1619,0
DA:1621,0
DA:1622,0
DA:1624,0
DA:1625,0
DA:1628,0
DA:1630,0
DA:1636,0
DA:1637,0
DA:1639,0
DA:1640,0
DA:1643,0
DA:1645,0
DA:1646,0
DA:1648,0
DA:1649,0
DA:1652,0
DA:1656,2
DA:1662,0
DA:1668,0
DA:1669,0
DA:1671,0
DA:1672,0
DA:1675,0
DA:1676,0
DA:1678,0
DA:1679,0
DA:1682,0
DA:1683,0
DA:1685,0
DA:1691,0
DA:1695,0
DA:1697,0
DA:1698,0
DA:1701,0
DA:1702,0
DA:1704,0
DA:1705,0
DA:1708,0
DA:1710,0
DA:1716,0
DA:1718,0
DA:1719,0
DA:1721,0
DA:1727,0
DA:1728,0
DA:1730,0
DA:1731,0
DA:1734,0
DA:1735,0
DA:1737,0
DA:1738,0
DA:1741,0
DA:1742,0
DA:1744,0
DA:1750,0
DA:1751,0
DA:1753,0
DA:1754,0
DA:1757,0
DA:1759,0
DA:1765,0
DA:1767,0
DA:1768,0
DA:1770,0
DA:1771,0
DA:1774,0
DA:1775,0
DA:1777,0
DA:1783,0
DA:1784,0
DA:1786,0
DA:1787,0
DA:1790,0
DA:1792,0
DA:1793,0
DA:1795,0
DA:1796,0
DA:1799,0
DA:1800,0
DA:1804,2
DA:1810,0
DA:1816,0
DA:1817,0
DA:1819,0
DA:1820,0
DA:1823,0
DA:1824,0
DA:1826,0
DA:1827,0
DA:1830,0
DA:1832,0
DA:1838,0
DA:1839,0
DA:1841,0
DA:1842,0
DA:1845,0
DA:1846,0
DA:1848,0
DA:1849,0
DA:1852,0
DA:1854,0
DA:1860,0
DA:1862,0
DA:1864,0
DA:1870,0
DA:1871,0
DA:1873,0
DA:1874,0
DA:1877,0
DA:1878,0
DA:1880,0
DA:1881,0
DA:1884,0
DA:1885,0
DA:1887,0
DA:1893,0
DA:1894,0
DA:1896,0
DA:1897,0
DA:1900,0
DA:1902,0
DA:1908,0
DA:1910,0
DA:1911,0
DA:1913,0
DA:1914,0
DA:1917,0
DA:1919,0
DA:1925,0
DA:1926,0
DA:1928,0
DA:1929,0
DA:1932,0
DA:1934,0
DA:1935,0
DA:1937,0
DA:1938,0
DA:1941,0
DA:1945,2
DA:1951,0
DA:1957,0
DA:1958,0
DA:1960,0
DA:1961,0
DA:1964,0
DA:1965,0
DA:1967,0
DA:1968,0
DA:1971,0
DA:1972,0
DA:1974,0
DA:1980,0
DA:1981,0
DA:1983,0
DA:1984,0
DA:1987,0
DA:1988,0
DA:1990,0
DA:1991,0
DA:1994,0
DA:1996,0
DA:2002,0
DA:2004,0
DA:2005,0
DA:2007,0
DA:2013,0
DA:2014,0
DA:2016,0
DA:2017,0
DA:2020,0
DA:2021,0
DA:2023,0
DA:2024,0
DA:2027,0
DA:2028,0
DA:2030,0
DA:2036,0
DA:2037,0
DA:2039,0
DA:2040,0
DA:2043,0
DA:2045,0
DA:2051,0
DA:2053,0
DA:2054,0
DA:2056,0
DA:2057,0
DA:2060,0
DA:2061,0
DA:2063,0
DA:2069,0
DA:2070,0
DA:2072,0
DA:2073,0
DA:2076,0
DA:2078,0
DA:2079,0
DA:2081,0
DA:2082,0
DA:2085,0
DA:2086,0
DA:2090,2
DA:2096,0
DA:2102,0
DA:2103,0
DA:2105,0
DA:2106,0
DA:2109,0
DA:2110,0
DA:2112,0
DA:2113,0
DA:2116,0
DA:2118,0
DA:2124,0
DA:2125,0
DA:2127,0
DA:2128,0
DA:2131,0
DA:2132,0
DA:2134,0
DA:2135,0
DA:2138,0
DA:2140,0
DA:2146,0
DA:2148,0
DA:2150,0
DA:2156,0
DA:2157,0
DA:2159,0
DA:2160,0
DA:2163,0
DA:2165,0
DA:2171,0
DA:2172,0
DA:2174,0
DA:2175,0
DA:2178,0
DA:2179,0
DA:2181,0
DA:2182,0
DA:2185,0
DA:2187,0
DA:2193,0
DA:2195,0
DA:2196,0
DA:2198,0
DA:2199,0
DA:2202,0
DA:2204,0
DA:2210,0
DA:2211,0
DA:2213,0
DA:2214,0
DA:2217,0
DA:2219,0
DA:2220,0
DA:2222,0
DA:2223,0
DA:2226,0
DA:2230,2
DA:2236,0
DA:2242,0
DA:2243,0
DA:2245,0
DA:2246,0
DA:2249,0
DA:2250,0
DA:2252,0
DA:2253,0
DA:2256,0
DA:2257,0
DA:2259,0
DA:2265,0
DA:2269,0
DA:2271,0
DA:2272,0
DA:2275,0
DA:2276,0
DA:2278,0
DA:2279,0
DA:2282,0
DA:2284,0
DA:2290,0
DA:2292,0
DA:2293,0
DA:2295,0
DA:2301,0
DA:2302,0
DA:2304,0
DA:2305,0
DA:2308,0
DA:2310,0
DA:2316,0
DA:2317,0
DA:2319,0
DA:2320,0
DA:2323,0
DA:2324,0
DA:2326,0
DA:2327,0
DA:2330,0
DA:2331,0
DA:2333,0
DA:2339,0
DA:2341,0
DA:2342,0
DA:2344,0
DA:2345,0
DA:2348,0
DA:2349,0
DA:2351,0
DA:2357,0
DA:2358,0
DA:2360,0
DA:2361,0
DA:2364,0
DA:2366,0
DA:2367,0
DA:2369,0
DA:2370,0
DA:2373,0
DA:2374,0
DA:2378,2
DA:2384,0
DA:2390,0
DA:2391,0
DA:2393,0
DA:2394,0
DA:2397,0
DA:2398,0
DA:2400,0
DA:2401,0
DA:2404,0
DA:2405,0
DA:2407,0
DA:2413,0
DA:2414,0
DA:2416,0
DA:2417,0
DA:2420,0
DA:2421,0
DA:2423,0
DA:2424,0
DA:2427,0
DA:2428,0
DA:2430,0
DA:2436,0
DA:2438,0
DA:2439,0
DA:2441,0
DA:2447,0
DA:2448,0
DA:2450,0
DA:2451,0
DA:2454,0
DA:2455,0
DA:2457,0
DA:2463,0
DA:2464,0
DA:2466,0
DA:2467,0
DA:2470,0
DA:2471,0
DA:2473,0
DA:2474,0
DA:2477,0
DA:2478,0
DA:2480,0
DA:2486,0
DA:2488,0
DA:2489,0
DA:2491,0
DA:2492,0
DA:2495,0
DA:2496,0
DA:2498,0
DA:2504,0
DA:2505,0
DA:2507,0
DA:2508,0
DA:2511,0
DA:2513,0
DA:2514,0
DA:2516,0
DA:2517,0
DA:2520,0
DA:2521,0
DA:2525,2
DA:2531,0
DA:2537,0
DA:2538,0
DA:2540,0
DA:2541,0
DA:2544,0
DA:2545,0
DA:2547,0
DA:2548,0
DA:2551,0
DA:2552,0
DA:2554,0
DA:2560,0
DA:2564,0
DA:2566,0
DA:2567,0
DA:2570,0
DA:2571,0
DA:2573,0
DA:2574,0
DA:2577,0
DA:2579,0
DA:2585,0
DA:2587,0
DA:2588,0
DA:2590,0
DA:2596,0
DA:2597,0
DA:2599,0
DA:2600,0
DA:2603,0
DA:2605,0
DA:2611,0
DA:2612,0
DA:2614,0
DA:2615,0
DA:2618,0
DA:2619,0
DA:2621,0
DA:2622,0
DA:2625,0
DA:2626,0
DA:2628,0
DA:2634,0
DA:2636,0
DA:2637,0
DA:2639,0
DA:2640,0
DA:2643,0
DA:2644,0
DA:2646,0
DA:2652,0
DA:2653,0
DA:2655,0
DA:2656,0
DA:2659,0
DA:2661,0
DA:2662,0
DA:2664,0
DA:2665,0
DA:2668,0
DA:2669,0
DA:2673,2
DA:2679,0
DA:2685,0
DA:2686,0
DA:2688,0
DA:2689,0
DA:2692,0
DA:2693,0
DA:2695,0
DA:2696,0
DA:2699,0
DA:2700,0
DA:2702,0
DA:2708,0
DA:2709,0
DA:2711,0
DA:2712,0
DA:2715,0
DA:2716,0
DA:2718,0
DA:2719,0
DA:2722,0
DA:2724,0
DA:2730,0
DA:2732,0
DA:2734,0
DA:2740,0
DA:2741,0
DA:2743,0
DA:2744,0
DA:2747,0
DA:2749,0
DA:2755,0
DA:2756,0
DA:2758,0
DA:2759,0
DA:2762,0
DA:2763,0
DA:2765,0
DA:2766,0
DA:2769,0
DA:2770,0
DA:2772,0
DA:2778,0
DA:2780,0
DA:2781,0
DA:2783,0
DA:2784,0
DA:2787,0
DA:2789,0
DA:2795,0
DA:2796,0
DA:2798,0
DA:2799,0
DA:2802,0
DA:2804,0
DA:2805,0
DA:2807,0
DA:2808,0
DA:2811,0
DA:2815,2
DA:2821,0
DA:2827,0
DA:2828,0
DA:2830,0
DA:2831,0
DA:2834,0
DA:2835,0
DA:2837,0
DA:2838,0
DA:2841,0
DA:2843,0
DA:2849,0
DA:2850,0
DA:2852,0
DA:2853,0
DA:2856,0
DA:2857,0
DA:2859,0
DA:2860,0
DA:2863,0
DA:2865,0
DA:2871,0
DA:2873,0
DA:2875,0
DA:2881,0
DA:2882,0
DA:2884,0
DA:2885,0
DA:2888,0
DA:2890,0
DA:2896,0
DA:2897,0
DA:2899,0
DA:2900,0
DA:2903,0
DA:2904,0
DA:2906,0
DA:2907,0
DA:2910,0
DA:2912,0
DA:2918,0
DA:2920,0
DA:2921,0
DA:2923,0
DA:2924,0
DA:2927,0
DA:2929,0
DA:2935,0
DA:2936,0
DA:2938,0
DA:2939,0
DA:2942,0
DA:2944,0
DA:2945,0
DA:2947,0
DA:2948,0
DA:2951,0
DA:2955,2
DA:2961,0
DA:2967,0
DA:2968,0
DA:2970,0
DA:2971,0
DA:2974,0
DA:2975,0
DA:2977,0
DA:2978,0
DA:2981,0
DA:2983,0
DA:2989,0
DA:2990,0
DA:2992,0
DA:2993,0
DA:2996,0
DA:2997,0
DA:2999,0
DA:3000,0
DA:3003,0
DA:3005,0
DA:3011,0
DA:3013,0
DA:3015,0
DA:3021,0
DA:3022,0
DA:3024,0
DA:3025,0
DA:3028,0
DA:3030,0
DA:3036,0
DA:3037,0
DA:3039,0
DA:3040,0
DA:3043,0
DA:3044,0
DA:3046,0
DA:3047,0
DA:3050,0
DA:3051,0
DA:3053,0
DA:3059,0
DA:3061,0
DA:3062,0
DA:3064,0
DA:3065,0
DA:3068,0
DA:3070,0
DA:3076,0
DA:3077,0
DA:3079,0
DA:3080,0
DA:3083,0
DA:3085,0
DA:3086,0
DA:3088,0
DA:3089,0
DA:3092,0
DA:3096,2
DA:3102,0
DA:3108,0
DA:3109,0
DA:3111,0
DA:3112,0
DA:3115,0
DA:3116,0
DA:3118,0
DA:3119,0
DA:3122,0
DA:3124,0
DA:3130,0
DA:3131,0
DA:3133,0
DA:3134,0
DA:3137,0
DA:3138,0
DA:3140,0
DA:3141,0
DA:3144,0
DA:3146,0
DA:3152,0
DA:3154,0
DA:3156,0
DA:3162,0
DA:3163,0
DA:3165,0
DA:3166,0
DA:3169,0
DA:3171,0
DA:3177,0
DA:3179,0
DA:3180,0
DA:3182,0
DA:3183,0
DA:3186,0
DA:3188,0
DA:3194,0
DA:3195,0
DA:3197,0
DA:3198,0
DA:3201,0
DA:3202,0
DA:3204,0
DA:3205,0
DA:3208,0
DA:3209,0
DA:3211,0
DA:3217,0
DA:3218,0
DA:3220,0
DA:3221,0
DA:3224,0
DA:3226,0
DA:3227,0
DA:3229,0
DA:3230,0
DA:3233,0
DA:3237,2
DA:3243,2
DA:3249,0
DA:3250,0
DA:3252,0
DA:3253,0
DA:3256,0
DA:3257,0
DA:3259,0
DA:3260,0
DA:3263,0
DA:3265,2
DA:3271,2
DA:3272,2
DA:3274,2
DA:3275,0
DA:3278,2
DA:3279,2
DA:3281,2
DA:3282,0
DA:3285,2
DA:3287,0
DA:3293,0
DA:3295,0
DA:3297,0
DA:3303,0
DA:3304,0
DA:3306,0
DA:3307,0
DA:3310,0
DA:3312,0
DA:3318,0
DA:3320,0
DA:3321,0
DA:3323,0
DA:3324,0
DA:3327,0
DA:3329,0
DA:3335,0
DA:3336,0
DA:3338,0
DA:3339,0
DA:3342,0
DA:3343,0
DA:3345,0
DA:3346,0
DA:3349,0
DA:3351,0
DA:3357,0
DA:3358,0
DA:3360,0
DA:3361,0
DA:3364,0
DA:3366,0
DA:3367,0
DA:3369,0
DA:3370,0
DA:3373,0
DA:3377,0
DA:3383,0
DA:3389,0
DA:3390,0
DA:3392,0
DA:3393,0
DA:3396,0
DA:3397,0
DA:3399,0
DA:3400,0
DA:3403,0
DA:3405,0
DA:3411,0
DA:3412,0
DA:3414,0
DA:3415,0
DA:3418,0
DA:3419,0
DA:3421,0
DA:3422,0
DA:3425,0
DA:3427,0
DA:3433,0
DA:3435,0
DA:3437,0
DA:3443,0
DA:3444,0
DA:3446,0
DA:3447,0
DA:3450,0
DA:3452,0
DA:3458,0
DA:3460,0
DA:3461,0
DA:3463,0
DA:3464,0
DA:3467,0
DA:3469,0
DA:3475,0
DA:3476,0
DA:3478,0
DA:3479,0
DA:3482,0
DA:3483,0
DA:3485,0
DA:3486,0
DA:3489,0
DA:3491,0
DA:3497,0
DA:3498,0
DA:3500,0
DA:3501,0
DA:3504,0
DA:3506,0
DA:3507,0
DA:3509,0
DA:3510,0
DA:3513,0
DA:3517,0
DA:3523,0
DA:3529,0
DA:3530,0
DA:3532,0
DA:3533,0
DA:3536,0
DA:3537,0
DA:3539,0
DA:3540,0
DA:3543,0
DA:3545,0
DA:3551,0
DA:3552,0
DA:3554,0
DA:3555,0
DA:3558,0
DA:3559,0
DA:3561,0
DA:3562,0
DA:3565,0
DA:3567,0
DA:3573,0
DA:3575,0
DA:3577,0
DA:3583,0
DA:3584,0
DA:3586,0
DA:3587,0
DA:3590,0
DA:3592,0
DA:3598,0
DA:3600,0
DA:3601,0
DA:3603,0
DA:3604,0
DA:3607,0
DA:3609,0
DA:3615,0
DA:3616,0
DA:3618,0
DA:3619,0
DA:3622,0
DA:3623,0
DA:3625,0
DA:3626,0
DA:3629,0
DA:3630,0
DA:3632,0
DA:3638,0
DA:3639,0
DA:3641,0
DA:3642,0
DA:3645,0
DA:3647,0
DA:3648,0
DA:3650,0
DA:3651,0
DA:3654,0
DA:3658,0
DA:3664,0
DA:3670,0
DA:3671,0
DA:3673,0
DA:3674,0
DA:3677,0
DA:3678,0
DA:3680,0
DA:3681,0
DA:3684,0
DA:3685,0
DA:3687,0
DA:3693,0
DA:3694,0
DA:3696,0
DA:3697,0
DA:3700,0
DA:3701,0
DA:3703,0
DA:3704,0
DA:3707,0
DA:3709,0
DA:3715,0
DA:3717,0
DA:3718,0
DA:3720,0
DA:3726,0
DA:3727,0
DA:3729,0
DA:3730,0
DA:3733,0
DA:3735,0
DA:3741,0
DA:3743,0
DA:3744,0
DA:3746,0
DA:3747,0
DA:3750,0
DA:3751,0
DA:3753,0
DA:3759,0
DA:3760,0
DA:3762,0
DA:3763,0
DA:3766,0
DA:3767,0
DA:3769,0
DA:3770,0
DA:3773,0
DA:3774,0
DA:3776,0
DA:3782,0
DA:3783,0
DA:3785,0
DA:3786,0
DA:3789,0
DA:3791,0
DA:3792,0
DA:3794,0
DA:3795,0
DA:3798,0
DA:3799,0
DA:3803,0
DA:3809,0
DA:3815,0
DA:3816,0
DA:3818,0
DA:3819,0
DA:3822,0
DA:3823,0
DA:3825,0
DA:3826,0
DA:3829,0
DA:3831,0
DA:3837,0
DA:3841,0
DA:3843,0
DA:3844,0
DA:3847,0
DA:3848,0
DA:3850,0
DA:3851,0
DA:3854,0
DA:3856,0
DA:3862,0
DA:3864,0
DA:3866,0
DA:3872,0
DA:3873,0
DA:3875,0
DA:3876,0
DA:3879,0
DA:3881,0
DA:3887,0
DA:3889,0
DA:3890,0
DA:3892,0
DA:3893,0
DA:3896,0
DA:3898,0
DA:3904,0
DA:3905,0
DA:3907,0
DA:3908,0
DA:3911,0
DA:3912,0
DA:3914,0
DA:3915,0
DA:3918,0
DA:3920,0
DA:3926,0
DA:3927,0
DA:3929,0
DA:3930,0
DA:3933,0
DA:3935,0
DA:3936,0
DA:3938,0
DA:3939,0
DA:3942,0
DA:3946,0
DA:3952,0
DA:3958,0
DA:3959,0
DA:3961,0
DA:3962,0
DA:3965,0
DA:3966,0
DA:3968,0
DA:3969,0
DA:3972,0
DA:3974,0
DA:3980,0
DA:3985,0
DA:3987,0
DA:3988,0
DA:3991,0
DA:3992,0
DA:3994,0
DA:3995,0
DA:3998,0
DA:4000,0
DA:4006,0
DA:4008,0
DA:4010,0
DA:4016,0
DA:4017,0
DA:4019,0
DA:4020,0
DA:4023,0
DA:4025,0
DA:4031,0
DA:4033,0
DA:4034,0
DA:4036,0
DA:4037,0
DA:4040,0
DA:4042,0
DA:4048,0
DA:4049,0
DA:4051,0
DA:4052,0
DA:4055,0
DA:4056,0
DA:4058,0
DA:4059,0
DA:4062,0
DA:4063,0
DA:4065,0
DA:4071,0
DA:4072,0
DA:4074,0
DA:4075,0
DA:4078,0
DA:4080,0
DA:4081,0
DA:4083,0
DA:4084,0
DA:4087,0
DA:4091,0
DA:4097,0
DA:4103,0
DA:4104,0
DA:4106,0
DA:4107,0
DA:4110,0
DA:4111,0
DA:4113,0
DA:4114,0
DA:4117,0
DA:4119,0
DA:4125,0
DA:4129,0
DA:4131,0
DA:4132,0
DA:4135,0
DA:4136,0
DA:4138,0
DA:4139,0
DA:4142,0
DA:4144,0
DA:4150,0
DA:4152,0
DA:4154,0
DA:4160,0
DA:4161,0
DA:4163,0
DA:4164,0
DA:4167,0
DA:4169,0
DA:4175,0
DA:4177,0
DA:4178,0
DA:4180,0
DA:4181,0
DA:4184,0
DA:4186,0
DA:4192,0
DA:4193,0
DA:4195,0
DA:4196,0
DA:4199,0
DA:4200,0
DA:4202,0
DA:4203,0
DA:4206,0
DA:4207,0
DA:4209,0
DA:4215,0
DA:4216,0
DA:4218,0
DA:4219,0
DA:4222,0
DA:4224,0
DA:4225,0
DA:4227,0
DA:4228,0
DA:4231,0
DA:4235,0
DA:4241,0
DA:4247,0
DA:4248,0
DA:4250,0
DA:4251,0
DA:4254,0
DA:4255,0
DA:4257,0
DA:4258,0
DA:4261,0
DA:4262,0
DA:4264,0
DA:4270,0
DA:4274,0
DA:4276,0
DA:4277,0
DA:4280,0
DA:4281,0
DA:4283,0
DA:4284,0
DA:4287,0
DA:4289,0
DA:4295,0
DA:4297,0
DA:4298,0
DA:4300,0
DA:4306,0
DA:4307,0
DA:4309,0
DA:4310,0
DA:4313,0
DA:4315,0
DA:4321,0
DA:4323,0
DA:4324,0
DA:4326,0
DA:4327,0
DA:4330,0
DA:4331,0
DA:4333,0
DA:4339,0
DA:4340,0
DA:4342,0
DA:4343,0
DA:4346,0
DA:4347,0
DA:4349,0
DA:4350,0
DA:4353,0
DA:4354,0
DA:4356,0
DA:4362,0
DA:4363,0
DA:4365,0
DA:4366,0
DA:4369,0
DA:4371,0
DA:4372,0
DA:4374,0
DA:4375,0
DA:4378,0
DA:4379,0
DA:4383,0
DA:4389,0
DA:4395,0
DA:4396,0
DA:4398,0
DA:4399,0
DA:4402,0
DA:4403,0
DA:4405,0
DA:4406,0
DA:4409,0
DA:4411,0
DA:4417,0
DA:4421,0
DA:4423,0
DA:4424,0
DA:4427,0
DA:4428,0
DA:4430,0
DA:4431,0
DA:4434,0
DA:4436,0
DA:4442,0
DA:4444,0
DA:4446,0
DA:4452,0
DA:4453,0
DA:4455,0
DA:4456,0
DA:4459,0
DA:4461,0
DA:4467,0
DA:4469,0
DA:4470,0
DA:4472,0
DA:4473,0
DA:4476,0
DA:4478,0
DA:4484,0
DA:4485,0
DA:4487,0
DA:4488,0
DA:4491,0
DA:4492,0
DA:4494,0
DA:4495,0
DA:4498,0
DA:4499,0
DA:4501,0
DA:4507,0
DA:4508,0
DA:4510,0
DA:4511,0
DA:4514,0
DA:4516,0
DA:4517,0
DA:4519,0
DA:4520,0
DA:4523,0
DA:4527,0
DA:4533,0
DA:4539,0
DA:4540,0
DA:4542,0
DA:4543,0
DA:4546,0
DA:4547,0
DA:4549,0
DA:4550,0
DA:4553,0
DA:4555,0
DA:4561,0
DA:4565,0
DA:4567,0
DA:4568,0
DA:4571,0
DA:4572,0
DA:4574,0
DA:4575,0
DA:4578,0
DA:4580,0
DA:4586,0
DA:4588,0
DA:4590,0
DA:4596,0
DA:4597,0
DA:4599,0
DA:4600,0
DA:4603,0
DA:4605,0
DA:4611,0
DA:4613,0
DA:4614,0
DA:4616,0
DA:4617,0
DA:4620,0
DA:4622,0
DA:4628,0
DA:4629,0
DA:4631,0
DA:4632,0
DA:4635,0
DA:4636,0
DA:4638,0
DA:4639,0
DA:4642,0
DA:4643,0
DA:4645,0
DA:4651,0
DA:4652,0
DA:4654,0
DA:4655,0
DA:4658,0
DA:4660,0
DA:4661,0
DA:4663,0
DA:4664,0
DA:4667,0
DA:4671,0
DA:4677,0
DA:4683,0
DA:4684,0
DA:4686,0
DA:4687,0
DA:4690,0
DA:4691,0
DA:4693,0
DA:4694,0
DA:4697,0
DA:4699,0
DA:4705,0
DA:4706,0
DA:4708,0
DA:4709,0
DA:4712,0
DA:4713,0
DA:4715,0
DA:4716,0
DA:4719,0
DA:4721,0
DA:4727,0
DA:4729,0
DA:4731,0
DA:4737,0
DA:4738,0
DA:4740,0
DA:4741,0
DA:4744,0
DA:4746,0
DA:4752,0
DA:4754,0
DA:4755,0
DA:4757,0
DA:4758,0
DA:4761,0
DA:4763,0
DA:4769,0
DA:4770,0
DA:4772,0
DA:4773,0
DA:4776,0
DA:4777,0
DA:4779,0
DA:4780,0
DA:4783,0
DA:4785,0
DA:4791,0
DA:4792,0
DA:4794,0
DA:4795,0
DA:4798,0
DA:4800,0
DA:4801,0
DA:4803,0
DA:4804,0
DA:4807,0
DA:4811,0
DA:4817,0
DA:4823,0
DA:4824,0
DA:4826,0
DA:4827,0
DA:4830,0
DA:4831,0
DA:4833,0
DA:4834,0
DA:4837,0
DA:4839,0
DA:4845,0
DA:4846,0
DA:4848,0
DA:4849,0
DA:4852,0
DA:4853,0
DA:4855,0
DA:4856,0
DA:4859,0
DA:4861,0
DA:4867,0
DA:4869,0
DA:4871,0
DA:4877,0
DA:4878,0
DA:4880,0
DA:4881,0
DA:4884,0
DA:4886,0
DA:4892,0
DA:4894,0
DA:4895,0
DA:4897,0
DA:4898,0
DA:4901,0
DA:4903,0
DA:4909,0
DA:4910,0
DA:4912,0
DA:4913,0
DA:4916,0
DA:4917,0
DA:4919,0
DA:4920,0
DA:4923,0
DA:4924,0
DA:4926,0
DA:4932,0
DA:4933,0
DA:4935,0
DA:4936,0
DA:4939,0
DA:4941,0
DA:4942,0
DA:4944,0
DA:4945,0
DA:4948,0
DA:4952,0
DA:4958,0
DA:4964,0
DA:4965,0
DA:4967,0
DA:4968,0
DA:4971,0
DA:4972,0
DA:4974,0
DA:4975,0
DA:4978,0
DA:4979,0
DA:4981,0
DA:4987,0
DA:4988,0
DA:4990,0
DA:4991,0
DA:4994,0
DA:4995,0
DA:4997,0
DA:4998,0
DA:5001,0
DA:5002,0
DA:5004,0
DA:5010,0
DA:5012,0
DA:5013,0
DA:5015,0
DA:5021,0
DA:5022,0
DA:5024,0
DA:5025,0
DA:5028,0
DA:5029,0
DA:5031,0
DA:5037,0
DA:5039,0
DA:5040,0
DA:5042,0
DA:5043,0
DA:5046,0
DA:5047,0
DA:5049,0
DA:5055,0
DA:5056,0
DA:5058,0
DA:5059,0
DA:5062,0
DA:5063,0
DA:5065,0
DA:5066,0
DA:5069,0
DA:5070,0
DA:5072,0
DA:5078,0
DA:5079,0
DA:5081,0
DA:5082,0
DA:5085,0
DA:5087,0
DA:5088,0
DA:5090,0
DA:5091,0
DA:5094,0
DA:5095,0
DA:5099,0
DA:5105,0
DA:5111,0
DA:5112,0
DA:5114,0
DA:5115,0
DA:5118,0
DA:5119,0
DA:5121,0
DA:5122,0
DA:5125,0
DA:5127,0
DA:5133,0
DA:5138,0
DA:5140,0
DA:5141,0
DA:5144,0
DA:5145,0
DA:5147,0
DA:5148,0
DA:5151,0
DA:5153,0
DA:5159,0
DA:5161,0
DA:5163,0
DA:5169,0
DA:5170,0
DA:5172,0
DA:5173,0
DA:5176,0
DA:5178,0
DA:5184,0
DA:5186,0
DA:5187,0
DA:5189,0
DA:5190,0
DA:5193,0
DA:5195,0
DA:5201,0
DA:5202,0
DA:5204,0
DA:5205,0
DA:5208,0
DA:5209,0
DA:5211,0
DA:5212,0
DA:5215,0
DA:5216,0
DA:5218,0
DA:5224,0
DA:5225,0
DA:5227,0
DA:5228,0
DA:5231,0
DA:5233,0
DA:5234,0
DA:5236,0
DA:5237,0
DA:5240,0
DA:5244,0
DA:5250,0
DA:5256,0
DA:5257,0
DA:5259,0
DA:5260,0
DA:5263,0
DA:5264,0
DA:5266,0
DA:5267,0
DA:5270,0
DA:5271,0
DA:5273,0
DA:5279,0
DA:5280,0
DA:5282,0
DA:5283,0
DA:5286,0
DA:5287,0
DA:5289,0
DA:5290,0
DA:5293,0
DA:5295,0
DA:5301,0
DA:5303,0
DA:5304,0
DA:5306,0
DA:5312,0
DA:5313,0
DA:5315,0
DA:5316,0
DA:5319,0
DA:5321,0
DA:5327,0
DA:5329,0
DA:5330,0
DA:5332,0
DA:5333,0
DA:5336,0
DA:5337,0
DA:5339,0
DA:5345,0
DA:5346,0
DA:5348,0
DA:5349,0
DA:5352,0
DA:5353,0
DA:5355,0
DA:5356,0
DA:5359,0
DA:5360,0
DA:5362,0
DA:5368,0
DA:5369,0
DA:5371,0
DA:5372,0
DA:5375,0
DA:5377,0
DA:5378,0
DA:5380,0
DA:5381,0
DA:5384,0
DA:5385,0
DA:5389,0
DA:5395,0
DA:5401,0
DA:5402,0
DA:5404,0
DA:5405,0
DA:5408,0
DA:5409,0
DA:5411,0
DA:5412,0
DA:5415,0
DA:5416,0
DA:5418,0
DA:5424,0
DA:5428,0
DA:5430,0
DA:5431,0
DA:5434,0
DA:5435,0
DA:5437,0
DA:5438,0
DA:5441,0
DA:5443,0
DA:5449,0
DA:5451,0
DA:5452,0
DA:5454,0
DA:5460,0
DA:5461,0
DA:5463,0
DA:5464,0
DA:5467,0
DA:5469,0
DA:5475,0
DA:5477,0
DA:5478,0
DA:5480,0
DA:5481,0
DA:5484,0
DA:5485,0
DA:5487,0
DA:5493,0
DA:5494,0
DA:5496,0
DA:5497,0
DA:5500,0
DA:5501,0
DA:5503,0
DA:5504,0
DA:5507,0
DA:5508,0
DA:5510,0
DA:5516,0
DA:5517,0
DA:5519,0
DA:5520,0
DA:5523,0
DA:5525,0
DA:5526,0
DA:5528,0
DA:5529,0
DA:5532,0
DA:5533,0
DA:5538,2
DA:5542,2
DA:5544,0
DA:5545,0
DA:5549,0
DA:5550,0
DA:5552,0
DA:5556,2
LF:2200
LH:44
BRDA:336,0,0,0
BRDA:336,0,1,2
BRDA:342,1,0,0
BRDA:352,2,0,0
BRDA:352,2,1,2
BRDA:358,3,0,0
BRDA:358,3,1,0
BRDA:367,4,0,0
BRDA:374,5,0,0
BRDA:380,6,0,0
BRDA:380,6,1,0
BRDA:392,7,0,0
BRDA:399,8,0,0
BRDA:405,9,0,0
BRDA:405,9,1,0
BRDA:415,10,0,0
BRDA:415,10,1,0
BRDA:424,11,0,0
BRDA:431,12,0,0
BRDA:437,13,0,0
BRDA:437,13,1,0
BRDA:446,14,0,0
BRDA:452,15,0,0
BRDA:452,15,1,0
BRDA:463,16,0,0
BRDA:469,17,0,0
BRDA:478,18,0,0
BRDA:487,19,0,0
BRDA:495,20,0,0
BRDA:495,20,1,2
BRDA:501,21,0,0
BRDA:501,21,1,0
BRDA:510,22,0,0
BRDA:517,23,0,0
BRDA:523,24,0,0
BRDA:523,24,1,0
BRDA:535,25,0,0
BRDA:542,26,0,0
BRDA:548,27,0,0
BRDA:548,27,1,0
BRDA:558,28,0,0
BRDA:558,28,1,0
BRDA:567,29,0,0
BRDA:574,30,0,0
BRDA:581,31,0,0
BRDA:581,31,1,0
BRDA:590,32,0,0
BRDA:596,33,0,0
BRDA:596,33,1,0
BRDA:607,34,0,0
BRDA:613,35,0,0
BRDA:622,36,0,0
BRDA:631,37,0,0
BRDA:639,38,0,0
BRDA:639,38,1,2
BRDA:645,39,0,0
BRDA:645,39,1,0
BRDA:654,40,0,0
BRDA:661,41,0,0
BRDA:667,42,0,0
BRDA:667,42,1,0
BRDA:676,43,0,0
BRDA:683,44,0,0
BRDA:689,45,0,0
BRDA:689,45,1,0
BRDA:699,46,0,0
BRDA:699,46,1,0
BRDA:708,47,0,0
BRDA:715,48,0,0
BRDA:722,49,0,0
BRDA:722,49,1,0
BRDA:731,50,0,0
BRDA:737,51,0,0
BRDA:737,51,1,0
BRDA:748,52,0,0
BRDA:754,53,0,0
BRDA:763,54,0,0
BRDA:772,55,0,0
BRDA:780,56,0,0
BRDA:780,56,1,2
BRDA:786,57,0,0
BRDA:786,57,1,0
BRDA:795,58,0,0
BRDA:802,59,0,0
BRDA:808,60,0,0
BRDA:808,60,1,0
BRDA:820,61,0,0
BRDA:827,62,0,0
BRDA:833,63,0,0
BRDA:833,63,1,0
BRDA:843,64,0,0
BRDA:843,64,1,0
BRDA:852,65,0,0
BRDA:859,66,0,0
BRDA:866,67,0,0
BRDA:866,67,1,0
BRDA:875,68,0,0
BRDA:881,69,0,0
BRDA:881,69,1,0
BRDA:892,70,0,0
BRDA:898,71,0,0
BRDA:907,72,0,0
BRDA:916,73,0,0
BRDA:924,74,0,0
BRDA:924,74,1,2
BRDA:930,75,0,0
BRDA:930,75,1,0
BRDA:939,76,0,0
BRDA:946,77,0,0
BRDA:953,78,0,0
BRDA:953,78,1,0
BRDA:965,79,0,0
BRDA:972,80,0,0
BRDA:978,81,0,0
BRDA:978,81,1,0
BRDA:989,82,0,0
BRDA:989,82,1,0
BRDA:998,83,0,0
BRDA:1005,84,0,0
BRDA:1012,85,0,0
BRDA:1012,85,1,0
BRDA:1021,86,0,0
BRDA:1027,87,0,0
BRDA:1027,87,1,0
BRDA:1038,88,0,0
BRDA:1045,89,0,0
BRDA:1054,90,0,0
BRDA:1063,91,0,0
BRDA:1072,92,0,0
BRDA:1072,92,1,2
BRDA:1078,93,0,0
BRDA:1078,93,1,0
BRDA:1087,94,0,0
BRDA:1094,95,0,0
BRDA:1101,96,0,0
BRDA:1101,96,1,0
BRDA:1114,97,0,0
BRDA:1121,98,0,0
BRDA:1128,99,0,0
BRDA:1128,99,1,0
BRDA:1139,100,0,0
BRDA:1139,100,1,0
BRDA:1148,101,0,0
BRDA:1155,102,0,0
BRDA:1162,103,0,0
BRDA:1162,103,1,0
BRDA:1171,104,0,0
BRDA:1178,105,0,0
BRDA:1178,105,1,0
BRDA:1189,106,0,0
BRDA:1196,107,0,0
BRDA:1205,108,0,0
BRDA:1214,109,0,0
BRDA:1223,110,0,0
BRDA:1223,110,1,2
BRDA:1229,111,0,0
BRDA:1229,111,1,0
BRDA:1238,112,0,0
BRDA:1245,113,0,0
BRDA:1252,114,0,0
BRDA:1252,114,1,0
BRDA:1261,115,0,0
BRDA:1268,116,0,0
BRDA:1274,117,0,0
BRDA:1274,117,1,0
BRDA:1284,118,0,0
BRDA:1284,118,1,0
BRDA:1293,119,0,0
BRDA:1300,120,0,0
BRDA:1307,121,0,0
BRDA:1307,121,1,0
BRDA:1316,122,0,0
BRDA:1322,123,0,0
BRDA:1322,123,1,0
BRDA:1333,124,0,0
BRDA:1339,125,0,0
BRDA:1348,126,0,0
BRDA:1357,127,0,0
BRDA:1365,128,0,0
BRDA:1365,128,1,2
BRDA:1371,129,0,0
BRDA:1371,129,1,0
BRDA:1380,130,0,0
BRDA:1387,131,0,0
BRDA:1394,132,0,0
BRDA:1394,132,1,0
BRDA:1406,133,0,0
BRDA:1413,134,0,0
BRDA:1420,135,0,0
BRDA:1420,135,1,0
BRDA:1431,136,0,0
BRDA:1431,136,1,0
BRDA:1440,137,0,0
BRDA:1447,138,0,0
BRDA:1454,139,0,0
BRDA:1454,139,1,0
BRDA:1463,140,0,0
BRDA:1470,141,0,0
BRDA:1470,141,1,0
BRDA:1481,142,0,0
BRDA:1488,143,0,0
BRDA:1497,144,0,0
BRDA:1506,145,0,0
BRDA:1515,146,0,0
BRDA:1515,146,1,2
BRDA:1521,147,0,0
BRDA:1521,147,1,0
BRDA:1530,148,0,0
BRDA:1537,149,0,0
BRDA:1543,150,0,0
BRDA:1543,150,1,0
BRDA:1552,151,0,0
BRDA:1559,152,0,0
BRDA:1565,153,0,0
BRDA:1565,153,1,0
BRDA:1575,154,0,0
BRDA:1575,154,1,0
BRDA:1584,155,0,0
BRDA:1591,156,0,0
BRDA:1598,157,0,0
BRDA:1598,157,1,0
BRDA:1607,158,0,0
BRDA:1613,159,0,0
BRDA:1613,159,1,0
BRDA:1624,160,0,0
BRDA:1630,161,0,0
BRDA:1639,162,0,0
BRDA:1648,163,0,0
BRDA:1656,164,0,0
BRDA:1656,164,1,2
BRDA:1662,165,0,0
BRDA:1662,165,1,0
BRDA:1671,166,0,0
BRDA:1678,167,0,0
BRDA:1685,168,0,0
BRDA:1685,168,1,0
BRDA:1697,169,0,0
BRDA:1704,170,0,0
BRDA:1710,171,0,0
BRDA:1710,171,1,0
BRDA:1721,172,0,0
BRDA:1721,172,1,0
BRDA:1730,173,0,0
BRDA:1737,174,0,0
BRDA:1744,175,0,0
BRDA:1744,175,1,0
BRDA:1753,176,0,0
BRDA:1759,177,0,0
BRDA:1759,177,1,0
BRDA:1770,178,0,0
BRDA:1777,179,0,0
BRDA:1786,180,0,0
BRDA:1795,181,0,0
BRDA:1804,182,0,0
BRDA:1804,182,1,2
BRDA:1810,183,0,0
BRDA:1810,183,1,0
BRDA:1819,184,0,0
BRDA:1826,185,0,0
BRDA:1832,186,0,0
BRDA:1832,186,1,0
BRDA:1841,187,0,0
BRDA:1848,188,0,0
BRDA:1854,189,0,0
BRDA:1854,189,1,0
BRDA:1864,190,0,0
BRDA:1864,190,1,0
BRDA:1873,191,0,0
BRDA:1880,192,0,0
BRDA:1887,193,0,0
BRDA:1887,193,1,0
BRDA:1896,194,0,0
BRDA:1902,195,0,0
BRDA:1902,195,1,0
BRDA:1913,196,0,0
BRDA:1919,197,0,0
BRDA:1928,198,0,0
BRDA:1937,199,0,0
BRDA:1945,200,0,0
BRDA:1945,200,1,2
BRDA:1951,201,0,0
BRDA:1951,201,1,0
BRDA:1960,202,0,0
BRDA:1967,203,0,0
BRDA:1974,204,0,0
BRDA:1974,204,1,0
BRDA:1983,205,0,0
BRDA:1990,206,0,0
BRDA:1996,207,0,0
BRDA:1996,207,1,0
BRDA:2007,208,0,0
BRDA:2007,208,1,0
BRDA:2016,209,0,0
BRDA:2023,210,0,0
BRDA:2030,211,0,0
BRDA:2030,211,1,0
BRDA:2039,212,0,0
BRDA:2045,213,0,0
BRDA:2045,213,1,0
BRDA:2056,214,0,0
BRDA:2063,215,0,0
BRDA:2072,216,0,0
BRDA:2081,217,0,0
BRDA:2090,218,0,0
BRDA:2090,218,1,2
BRDA:2096,219,0,0
BRDA:2096,219,1,0
BRDA:2105,220,0,0
BRDA:2112,221,0,0
BRDA:2118,222,0,0
BRDA:2118,222,1,0
BRDA:2127,223,0,0
BRDA:2134,224,0,0
BRDA:2140,225,0,0
BRDA:2140,225,1,0
BRDA:2150,226,0,0
BRDA:2150,226,1,0
BRDA:2159,227,0,0
BRDA:2165,228,0,0
BRDA:2165,228,1,0
BRDA:2174,229,0,0
BRDA:2181,230,0,0
BRDA:2187,231,0,0
BRDA:2187,231,1,0
BRDA:2198,232,0,0
BRDA:2204,233,0,0
BRDA:2213,234,0,0
BRDA:2222,235,0,0
BRDA:2230,236,0,0
BRDA:2230,236,1,2
BRDA:2236,237,0,0
BRDA:2236,237,1,0
BRDA:2245,238,0,0
BRDA:2252,239,0,0
BRDA:2259,240,0,0
BRDA:2259,240,1,0
BRDA:2271,241,0,0
BRDA:2278,242,0,0
BRDA:2284,243,0,0
BRDA:2284,243,1,0
BRDA:2295,244,0,0
BRDA:2295,244,1,0
BRDA:2304,245,0,0
BRDA:2310,246,0,0
BRDA:2310,246,1,0
BRDA:2319,247,0,0
BRDA:2326,248,0,0
BRDA:2333,249,0,0
BRDA:2333,249,1,0
BRDA:2344,250,0,0
BRDA:2351,251,0,0
BRDA:2360,252,0,0
BRDA:2369,253,0,0
BRDA:2378,254,0,0
BRDA:2378,254,1,2
BRDA:2384,255,0,0
BRDA:2384,255,1,0
BRDA:2393,256,0,0
BRDA:2400,257,0,0
BRDA:2407,258,0,0
BRDA:2407,258,1,0
BRDA:2416,259,0,0
BRDA:2423,260,0,0
BRDA:2430,261,0,0
BRDA:2430,261,1,0
BRDA:2441,262,0,0
BRDA:2441,262,1,0
BRDA:2450,263,0,0
BRDA:2457,264,0,0
BRDA:2457,264,1,0
BRDA:2466,265,0,0
BRDA:2473,266,0,0
BRDA:2480,267,0,0
BRDA:2480,267,1,0
BRDA:2491,268,0,0
BRDA:2498,269,0,0
BRDA:2507,270,0,0
BRDA:2516,271,0,0
BRDA:2525,272,0,0
BRDA:2525,272,1,2
BRDA:2531,273,0,0
BRDA:2531,273,1,0
BRDA:2540,274,0,0
BRDA:2547,275,0,0
BRDA:2554,276,0,0
BRDA:2554,276,1,0
BRDA:2566,277,0,0
BRDA:2573,278,0,0
BRDA:2579,279,0,0
BRDA:2579,279,1,0
BRDA:2590,280,0,0
BRDA:2590,280,1,0
BRDA:2599,281,0,0
BRDA:2605,282,0,0
BRDA:2605,282,1,0
BRDA:2614,283,0,0
BRDA:2621,284,0,0
BRDA:2628,285,0,0
BRDA:2628,285,1,0
BRDA:2639,286,0,0
BRDA:2646,287,0,0
BRDA:2655,288,0,0
BRDA:2664,289,0,0
BRDA:2673,290,0,0
BRDA:2673,290,1,2
BRDA:2679,291,0,0
BRDA:2679,291,1,0
BRDA:2688,292,0,0
BRDA:2695,293,0,0
BRDA:2702,294,0,0
BRDA:2702,294,1,0
BRDA:2711,295,0,0
BRDA:2718,296,0,0
BRDA:2724,297,0,0
BRDA:2724,297,1,0
BRDA:2734,298,0,0
BRDA:2734,298,1,0
BRDA:2743,299,0,0
BRDA:2749,300,0,0
BRDA:2749,300,1,0
BRDA:2758,301,0,0
BRDA:2765,302,0,0
BRDA:2772,303,0,0
BRDA:2772,303,1,0
BRDA:2783,304,0,0
BRDA:2789,305,0,0
BRDA:2798,306,0,0
BRDA:2807,307,0,0
BRDA:2815,308,0,0
BRDA:2815,308,1,2
BRDA:2821,309,0,0
BRDA:2821,309,1,0
BRDA:2830,310,0,0
BRDA:2837,311,0,0
BRDA:2843,312,0,0
BRDA:2843,312,1,0
BRDA:2852,313,0,0
BRDA:2859,314,0,0
BRDA:2865,315,0,0
BRDA:2865,315,1,0
BRDA:2875,316,0,0
BRDA:2875,316,1,0
BRDA:2884,317,0,0
BRDA:2890,318,0,0
BRDA:2890,318,1,0
BRDA:2899,319,0,0
BRDA:2906,320,0,0
BRDA:2912,321,0,0
BRDA:2912,321,1,0
BRDA:2923,322,0,0
BRDA:2929,323,0,0
BRDA:2938,324,0,0
BRDA:2947,325,0,0
BRDA:2955,326,0,0
BRDA:2955,326,1,2
BRDA:2961,327,0,0
BRDA:2961,327,1,0
BRDA:2970,328,0,0
BRDA:2977,329,0,0
BRDA:2983,330,0,0
BRDA:2983,330,1,0
BRDA:2992,331,0,0
BRDA:2999,332,0,0
BRDA:3005,333,0,0
BRDA:3005,333,1,0
BRDA:3015,334,0,0
BRDA:3015,334,1,0
BRDA:3024,335,0,0
BRDA:3030,336,0,0
BRDA:3030,336,1,0
BRDA:3039,337,0,0
BRDA:3046,338,0,0
BRDA:3053,339,0,0
BRDA:3053,339,1,0
BRDA:3064,340,0,0
BRDA:3070,341,0,0
BRDA:3079,342,0,0
BRDA:3088,343,0,0
BRDA:3096,344,0,0
BRDA:3096,344,1,2
BRDA:3102,345,0,0
BRDA:3102,345,1,0
BRDA:3111,346,0,0
BRDA:3118,347,0,0
BRDA:3124,348,0,0
BRDA:3124,348,1,0
BRDA:3133,349,0,0
BRDA:3140,350,0,0
BRDA:3146,351,0,0
BRDA:3146,351,1,0
BRDA:3156,352,0,0
BRDA:3156,352,1,0
BRDA:3165,353,0,0
BRDA:3171,354,0,0
BRDA:3171,354,1,0
BRDA:3182,355,0,0
BRDA:3188,356,0,0
BRDA:3188,356,1,0
BRDA:3197,357,0,0
BRDA:3204,358,0,0
BRDA:3211,359,0,0
BRDA:3220,360,0,0
BRDA:3229,361,0,0
BRDA:3237,362,0,2
BRDA:3237,362,1,0
BRDA:3243,363,0,0
BRDA:3243,363,1,2
BRDA:3252,364,0,0
BRDA:3259,365,0,0
BRDA:3265,366,0,2
BRDA:3265,366,1,0
BRDA:3274,367,0,0
BRDA:3281,368,0,0
BRDA:3287,369,0,0
BRDA:3287,369,1,0
BRDA:3297,370,0,0
BRDA:3297,370,1,0
BRDA:3306,371,0,0
BRDA:3312,372,0,0
BRDA:3312,372,1,0
BRDA:3323,373,0,0
BRDA:3329,374,0,0
BRDA:3329,374,1,0
BRDA:3338,375,0,0
BRDA:3345,376,0,0
BRDA:3351,377,0,0
BRDA:3360,378,0,0
BRDA:3369,379,0,0
BRDA:3377,380,0,0
BRDA:3377,380,1,0
BRDA:3383,381,0,0
BRDA:3383,381,1,0
BRDA:3392,382,0,0
BRDA:3399,383,0,0
BRDA:3405,384,0,0
BRDA:3405,384,1,0
BRDA:3414,385,0,0
BRDA:3421,386,0,0
BRDA:3427,387,0,0
BRDA:3427,387,1,0
BRDA:3437,388,0,0
BRDA:3437,388,1,0
BRDA:3446,389,0,0
BRDA:3452,390,0,0
BRDA:3452,390,1,0
BRDA:3463,391,0,0
BRDA:3469,392,0,0
BRDA:3469,392,1,0
BRDA:3478,393,0,0
BRDA:3485,394,0,0
BRDA:3491,395,0,0
BRDA:3500,396,0,0
BRDA:3509,397,0,0
BRDA:3517,398,0,0
BRDA:3517,398,1,0
BRDA:3523,399,0,0
BRDA:3523,399,1,0
BRDA:3532,400,0,0
BRDA:3539,401,0,0
BRDA:3545,402,0,0
BRDA:3545,402,1,0
BRDA:3554,403,0,0
BRDA:3561,404,0,0
BRDA:3567,405,0,0
BRDA:3567,405,1,0
BRDA:3577,406,0,0
BRDA:3577,406,1,0
BRDA:3586,407,0,0
BRDA:3592,408,0,0
BRDA:3592,408,1,0
BRDA:3603,409,0,0
BRDA:3609,410,0,0
BRDA:3609,410,1,0
BRDA:3618,411,0,0
BRDA:3625,412,0,0
BRDA:3632,413,0,0
BRDA:3641,414,0,0
BRDA:3650,415,0,0
BRDA:3658,416,0,0
BRDA:3658,416,1,0
BRDA:3664,417,0,0
BRDA:3664,417,1,0
BRDA:3673,418,0,0
BRDA:3680,419,0,0
BRDA:3687,420,0,0
BRDA:3687,420,1,0
BRDA:3696,421,0,0
BRDA:3703,422,0,0
BRDA:3709,423,0,0
BRDA:3709,423,1,0
BRDA:3720,424,0,0
BRDA:3720,424,1,0
BRDA:3729,425,0,0
BRDA:3735,426,0,0
BRDA:3735,426,1,0
BRDA:3746,427,0,0
BRDA:3753,428,0,0
BRDA:3753,428,1,0
BRDA:3762,429,0,0
BRDA:3769,430,0,0
BRDA:3776,431,0,0
BRDA:3785,432,0,0
BRDA:3794,433,0,0
BRDA:3803,434,0,0
BRDA:3803,434,1,0
BRDA:3809,435,0,0
BRDA:3809,435,1,0
BRDA:3818,436,0,0
BRDA:3825,437,0,0
BRDA:3831,438,0,0
BRDA:3831,438,1,0
BRDA:3843,439,0,0
BRDA:3850,440,0,0
BRDA:3856,441,0,0
BRDA:3856,441,1,0
BRDA:3866,442,0,0
BRDA:3866,442,1,0
BRDA:3875,443,0,0
BRDA:3881,444,0,0
BRDA:3881,444,1,0
BRDA:3892,445,0,0
BRDA:3898,446,0,0
BRDA:3898,446,1,0
BRDA:3907,447,0,0
BRDA:3914,448,0,0
BRDA:3920,449,0,0
BRDA:3929,450,0,0
BRDA:3938,451,0,0
BRDA:3946,452,0,0
BRDA:3946,452,1,0
BRDA:3952,453,0,0
BRDA:3952,453,1,0
BRDA:3961,454,0,0
BRDA:3968,455,0,0
BRDA:3974,456,0,0
BRDA:3974,456,1,0
BRDA:3987,457,0,0
BRDA:3994,458,0,0
BRDA:4000,459,0,0
BRDA:4000,459,1,0
BRDA:4010,460,0,0
BRDA:4010,460,1,0
BRDA:4019,461,0,0
BRDA:4025,462,0,0
BRDA:4025,462,1,0
BRDA:4036,463,0,0
BRDA:4042,464,0,0
BRDA:4042,464,1,0
BRDA:4051,465,0,0
BRDA:4058,466,0,0
BRDA:4065,467,0,0
BRDA:4074,468,0,0
BRDA:4083,469,0,0
BRDA:4091,470,0,0
BRDA:4091,470,1,0
BRDA:4097,471,0,0
BRDA:4097,471,1,0
BRDA:4106,472,0,0
BRDA:4113,473,0,0
BRDA:4119,474,0,0
BRDA:4119,474,1,0
BRDA:4131,475,0,0
BRDA:4138,476,0,0
BRDA:4144,477,0,0
BRDA:4144,477,1,0
BRDA:4154,478,0,0
BRDA:4154,478,1,0
BRDA:4163,479,0,0
BRDA:4169,480,0,0
BRDA:4169,480,1,0
BRDA:4180,481,0,0
BRDA:4186,482,0,0
BRDA:4186,482,1,0
BRDA:4195,483,0,0
BRDA:4202,484,0,0
BRDA:4209,485,0,0
BRDA:4218,486,0,0
BRDA:4227,487,0,0
BRDA:4235,488,0,0
BRDA:4235,488,1,0
BRDA:4241,489,0,0
BRDA:4241,489,1,0
BRDA:4250,490,0,0
BRDA:4257,491,0,0
BRDA:4264,492,0,0
BRDA:4264,492,1,0
BRDA:4276,493,0,0
BRDA:4283,494,0,0
BRDA:4289,495,0,0
BRDA:4289,495,1,0
BRDA:4300,496,0,0
BRDA:4300,496,1,0
BRDA:4309,497,0,0
BRDA:4315,498,0,0
BRDA:4315,498,1,0
BRDA:4326,499,0,0
BRDA:4333,500,0,0
BRDA:4333,500,1,0
BRDA:4342,501,0,0
BRDA:4349,502,0,0
BRDA:4356,503,0,0
BRDA:4365,504,0,0
BRDA:4374,505,0,0
BRDA:4383,506,0,0
BRDA:4383,506,1,0
BRDA:4389,507,0,0
BRDA:4389,507,1,0
BRDA:4398,508,0,0
BRDA:4405,509,0,0
BRDA:4411,510,0,0
BRDA:4411,510,1,0
BRDA:4423,511,0,0
BRDA:4430,512,0,0
BRDA:4436,513,0,0
BRDA:4436,513,1,0
BRDA:4446,514,0,0
BRDA:4446,514,1,0
BRDA:4455,515,0,0
BRDA:4461,516,0,0
BRDA:4461,516,1,0
BRDA:4472,517,0,0
BRDA:4478,518,0,0
BRDA:4478,518,1,0
BRDA:4487,519,0,0
BRDA:4494,520,0,0
BRDA:4501,521,0,0
BRDA:4510,522,0,0
BRDA:4519,523,0,0
BRDA:4527,524,0,0
BRDA:4527,524,1,0
BRDA:4533,525,0,0
BRDA:4533,525,1,0
BRDA:4542,526,0,0
BRDA:4549,527,0,0
BRDA:4555,528,0,0
BRDA:4555,528,1,0
BRDA:4567,529,0,0
BRDA:4574,530,0,0
BRDA:4580,531,0,0
BRDA:4580,531,1,0
BRDA:4590,532,0,0
BRDA:4590,532,1,0
BRDA:4599,533,0,0
BRDA:4605,534,0,0
BRDA:4605,534,1,0
BRDA:4616,535,0,0
BRDA:4622,536,0,0
BRDA:4622,536,1,0
BRDA:4631,537,0,0
BRDA:4638,538,0,0
BRDA:4645,539,0,0
BRDA:4654,540,0,0
BRDA:4663,541,0,0
BRDA:4671,542,0,0
BRDA:4671,542,1,0
BRDA:4677,543,0,0
BRDA:4677,543,1,0
BRDA:4686,544,0,0
BRDA:4693,545,0,0
BRDA:4699,546,0,0
BRDA:4699,546,1,0
BRDA:4708,547,0,0
BRDA:4715,548,0,0
BRDA:4721,549,0,0
BRDA:4721,549,1,0
BRDA:4731,550,0,0
BRDA:4731,550,1,0
BRDA:4740,551,0,0
BRDA:4746,552,0,0
BRDA:4746,552,1,0
BRDA:4757,553,0,0
BRDA:4763,554,0,0
BRDA:4763,554,1,0
BRDA:4772,555,0,0
BRDA:4779,556,0,0
BRDA:4785,557,0,0
BRDA:4794,558,0,0
BRDA:4803,559,0,0
BRDA:4811,560,0,0
BRDA:4811,560,1,0
BRDA:4817,561,0,0
BRDA:4817,561,1,0
BRDA:4826,562,0,0
BRDA:4833,563,0,0
BRDA:4839,564,0,0
BRDA:4839,564,1,0
BRDA:4848,565,0,0
BRDA:4855,566,0,0
BRDA:4861,567,0,0
BRDA:4861,567,1,0
BRDA:4871,568,0,0
BRDA:4871,568,1,0
BRDA:4880,569,0,0
BRDA:4886,570,0,0
BRDA:4886,570,1,0
BRDA:4897,571,0,0
BRDA:4903,572,0,0
BRDA:4903,572,1,0
BRDA:4912,573,0,0
BRDA:4919,574,0,0
BRDA:4926,575,0,0
BRDA:4935,576,0,0
BRDA:4944,577,0,0
BRDA:4952,578,0,0
BRDA:4952,578,1,0
BRDA:4958,579,0,0
BRDA:4958,579,1,0
BRDA:4967,580,0,0
BRDA:4974,581,0,0
BRDA:4981,582,0,0
BRDA:4981,582,1,0
BRDA:4990,583,0,0
BRDA:4997,584,0,0
BRDA:5004,585,0,0
BRDA:5004,585,1,0
BRDA:5015,586,0,0
BRDA:5015,586,1,0
BRDA:5024,587,0,0
BRDA:5031,588,0,0
BRDA:5031,588,1,0
BRDA:5042,589,0,0
BRDA:5049,590,0,0
BRDA:5049,590,1,0
BRDA:5058,591,0,0
BRDA:5065,592,0,0
BRDA:5072,593,0,0
BRDA:5081,594,0,0
BRDA:5090,595,0,0
BRDA:5099,596,0,0
BRDA:5099,596,1,0
BRDA:5105,597,0,0
BRDA:5105,597,1,0
BRDA:5114,598,0,0
BRDA:5121,599,0,0
BRDA:5127,600,0,0
BRDA:5127,600,1,0
BRDA:5140,601,0,0
BRDA:5147,602,0,0
BRDA:5153,603,0,0
BRDA:5153,603,1,0
BRDA:5163,604,0,0
BRDA:5163,604,1,0
BRDA:5172,605,0,0
BRDA:5178,606,0,0
BRDA:5178,606,1,0
BRDA:5189,607,0,0
BRDA:5195,608,0,0
BRDA:5195,608,1,0
BRDA:5204,609,0,0
BRDA:5211,610,0,0
BRDA:5218,611,0,0
BRDA:5227,612,0,0
BRDA:5236,613,0,0
BRDA:5244,614,0,0
BRDA:5244,614,1,0
BRDA:5250,615,0,0
BRDA:5250,615,1,0
BRDA:5259,616,0,0
BRDA:5266,617,0,0
BRDA:5273,618,0,0
BRDA:5273,618,1,0
BRDA:5282,619,0,0
BRDA:5289,620,0,0
BRDA:5295,621,0,0
BRDA:5295,621,1,0
BRDA:5306,622,0,0
BRDA:5306,622,1,0
BRDA:5315,623,0,0
BRDA:5321,624,0,0
BRDA:5321,624,1,0
BRDA:5332,625,0,0
BRDA:5339,626,0,0
BRDA:5339,626,1,0
BRDA:5348,627,0,0
BRDA:5355,628,0,0
BRDA:5362,629,0,0
BRDA:5371,630,0,0
BRDA:5380,631,0,0
BRDA:5389,632,0,0
BRDA:5395,633,0,0
BRDA:5395,633,1,0
BRDA:5404,634,0,0
BRDA:5411,635,0,0
BRDA:5418,636,0,0
BRDA:5418,636,1,0
BRDA:5430,637,0,0
BRDA:5437,638,0,0
BRDA:5443,639,0,0
BRDA:5443,639,1,0
BRDA:5454,640,0,0
BRDA:5454,640,1,0
BRDA:5463,641,0,0
BRDA:5469,642,0,0
BRDA:5469,642,1,0
BRDA:5480,643,0,0
BRDA:5487,644,0,0
BRDA:5487,644,1,0
BRDA:5496,645,0,0
BRDA:5503,646,0,0
BRDA:5510,647,0,0
BRDA:5519,648,0,0
BRDA:5528,649,0,0
BRDA:5544,650,0,0
BRF:903
BRH:24
end_of_record
TN:
SF:nodes/Twenty/descriptions/ApiKeyDescription.ts
FNF:0
FNH:0
DA:5,1
DA:65,1
LF:2
LH:2
BRF:0
BRH:0
end_of_record
TN:
SF:nodes/Twenty/descriptions/AttachmentDescription.ts
FNF:0
FNH:0
DA:5,1
DA:65,1
LF:2
LH:2
BRF:0
BRH:0
end_of_record
TN:
SF:nodes/Twenty/descriptions/AuditLogDescription.ts
FNF:0
FNH:0
DA:5,1
DA:65,1
LF:2
LH:2
BRF:0
BRH:0
end_of_record
TN:
SF:nodes/Twenty/descriptions/BlocklistDescription.ts
FNF:0
FNH:0
DA:5,1
DA:65,1
LF:2
LH:2
BRF:0
BRH:0
end_of_record
TN:
SF:nodes/Twenty/descriptions/CalendarChannelDescription.ts
FNF:0
FNH:0
DA:5,1
DA:65,1
LF:2
LH:2
BRF:0
BRH:0
end_of_record
TN:
SF:nodes/Twenty/descriptions/CalendarChannelEventAssociationDescription.ts
FNF:0
FNH:0
DA:5,1
DA:65,1
LF:2
LH:2
BRF:0
BRH:0
end_of_record
TN:
SF:nodes/Twenty/descriptions/CalendarEventDescription.ts
FNF:0
FNH:0
DA:5,1
DA:65,1
LF:2
LH:2
BRF:0
BRH:0
end_of_record
TN:
SF:nodes/Twenty/descriptions/CalendarEventParticipantDescription.ts
FNF:0
FNH:0
DA:5,1
DA:65,1
LF:2
LH:2
BRF:0
BRH:0
end_of_record
TN:
SF:nodes/Twenty/descriptions/CompanyDescription.ts
FNF:0
FNH:0
DA:5,1
DA:65,1
LF:2
LH:2
BRF:0
BRH:0
end_of_record
TN:
SF:nodes/Twenty/descriptions/ConnectedAccountDescription.ts
FNF:0
FNH:0
DA:5,1
DA:65,1
LF:2
LH:2
BRF:0
BRH:0
end_of_record
TN:
SF:nodes/Twenty/descriptions/FavoriteDescription.ts
FNF:0
FNH:0
DA:5,1
DA:65,1
LF:2
LH:2
BRF:0
BRH:0
end_of_record
TN:
SF:nodes/Twenty/descriptions/FavoriteFolderDescription.ts
FNF:0
FNH:0
DA:5,1
DA:65,1
LF:2
LH:2
BRF:0
BRH:0
end_of_record
TN:
SF:nodes/Twenty/descriptions/GeneralDescription.ts
FNF:0
FNH:0
DA:5,1
DA:29,1
LF:2
LH:2
BRF:0
BRH:0
end_of_record
TN:
SF:nodes/Twenty/descriptions/MessageChannelDescription.ts
FNF:0
FNH:0
DA:5,1
DA:65,1
LF:2
LH:2
BRF:0
BRH:0
end_of_record
TN:
SF:nodes/Twenty/descriptions/MessageChannelMessageAssociationDescription.ts
FNF:0
FNH:0
DA:5,1
DA:65,1
LF:2
LH:2
BRF:0
BRH:0
end_of_record
TN:
SF:nodes/Twenty/descriptions/MessageDescription.ts
FNF:0
FNH:0
DA:5,1
DA:65,1
LF:2
LH:2
BRF:0
BRH:0
end_of_record
TN:
SF:nodes/Twenty/descriptions/MessageParticipantDescription.ts
FNF:0
FNH:0
DA:5,1
DA:65,1
LF:2
LH:2
BRF:0
BRH:0
end_of_record
TN:
SF:nodes/Twenty/descriptions/MessageThreadDescription.ts
FNF:0
FNH:0
DA:5,1
DA:65,1
LF:2
LH:2
BRF:0
BRH:0
end_of_record
TN:
SF:nodes/Twenty/descriptions/NoteDescription.ts
FNF:0
FNH:0
DA:5,1
DA:65,1
LF:2
LH:2
BRF:0
BRH:0
end_of_record
TN:
SF:nodes/Twenty/descriptions/NoteTargetDescription.ts
FNF:0
FNH:0
DA:5,1
DA:65,1
LF:2
LH:2
BRF:0
BRH:0
end_of_record
TN:
SF:nodes/Twenty/descriptions/OpportunityDescription.ts
FNF:0
FNH:0
DA:5,1
DA:65,1
LF:2
LH:2
BRF:0
BRH:0
end_of_record
TN:
SF:nodes/Twenty/descriptions/PersonDescription.ts
FNF:0
FNH:0
DA:5,2
DA:65,2
LF:2
LH:2
BRF:0
BRH:0
end_of_record
TN:
SF:nodes/Twenty/descriptions/TaskDescription.ts
FNF:0
FNH:0
DA:5,1
DA:65,1
LF:2
LH:2
BRF:0
BRH:0
end_of_record
TN:
SF:nodes/Twenty/descriptions/TaskTargetDescription.ts
FNF:0
FNH:0
DA:5,1
DA:65,1
LF:2
LH:2
BRF:0
BRH:0
end_of_record
TN:
SF:nodes/Twenty/descriptions/TimelineActivityDescription.ts
FNF:0
FNH:0
DA:5,1
DA:65,1
LF:2
LH:2
BRF:0
BRH:0
end_of_record
TN:
SF:nodes/Twenty/descriptions/ViewDescription.ts
FNF:0
FNH:0
DA:5,1
DA:65,1
LF:2
LH:2
BRF:0
BRH:0
end_of_record
TN:
SF:nodes/Twenty/descriptions/ViewFieldDescription.ts
FNF:0
FNH:0
DA:5,1
DA:65,1
LF:2
LH:2
BRF:0
BRH:0
end_of_record
TN:
SF:nodes/Twenty/descriptions/ViewFilterDescription.ts
FNF:0
FNH:0
DA:5,1
DA:65,1
LF:2
LH:2
BRF:0
BRH:0
end_of_record
TN:
SF:nodes/Twenty/descriptions/ViewFilterGroupDescription.ts
FNF:0
FNH:0
DA:5,1
DA:65,1
LF:2
LH:2
BRF:0
BRH:0
end_of_record
TN:
SF:nodes/Twenty/descriptions/ViewGroupDescription.ts
FNF:0
FNH:0
DA:5,1
DA:65,1
LF:2
LH:2
BRF:0
BRH:0
end_of_record
TN:
SF:nodes/Twenty/descriptions/ViewSortDescription.ts
FNF:0
FNH:0
DA:5,1
DA:65,1
LF:2
LH:2
BRF:0
BRH:0
end_of_record
TN:
SF:nodes/Twenty/descriptions/WebhookDescription.ts
FNF:0
FNH:0
DA:5,1
DA:65,1
LF:2
LH:2
BRF:0
BRH:0
end_of_record
TN:
SF:nodes/Twenty/descriptions/WorkflowDescription.ts
FNF:0
FNH:0
DA:5,1
DA:65,1
LF:2
LH:2
BRF:0
BRH:0
end_of_record
TN:
SF:nodes/Twenty/descriptions/WorkflowEventListenerDescription.ts
FNF:0
FNH:0
DA:5,1
DA:65,1
LF:2
LH:2
BRF:0
BRH:0
end_of_record
TN:
SF:nodes/Twenty/descriptions/WorkflowRunDescription.ts
FNF:0
FNH:0
DA:5,1
DA:65,1
LF:2
LH:2
BRF:0
BRH:0
end_of_record
TN:
SF:nodes/Twenty/descriptions/WorkflowVersionDescription.ts
FNF:0
FNH:0
DA:5,1
DA:65,1
LF:2
LH:2
BRF:0
BRH:0
end_of_record
TN:
SF:nodes/Twenty/descriptions/WorkspaceMemberDescription.ts
FNF:0
FNH:0
DA:5,1
DA:65,1
LF:2
LH:2
BRF:0
BRH:0
end_of_record
TN:
SF:nodes/Twenty/descriptions/index.ts
FNF:0
FNH:0
DA:1,1
DA:2,1
DA:3,1
DA:4,1
DA:5,1
DA:6,1
DA:7,1
DA:8,1
DA:9,1
DA:10,1
DA:11,1
DA:12,1
DA:13,1
DA:14,1
DA:15,1
DA:16,1
DA:17,1
DA:18,1
DA:19,1
DA:20,1
DA:21,1
DA:22,1
DA:23,1
DA:24,1
DA:25,1
DA:26,1
DA:27,1
DA:28,1
DA:29,1
DA:30,1
DA:31,1
DA:32,1
DA:33,1
DA:34,1
DA:35,1
DA:36,1
DA:37,1
LF:37
LH:37
BRF:0
BRH:0
end_of_record
